\BOOKMARK [0][-]{chapter*.1}{Streszczenie}{}% 1
\BOOKMARK [0][-]{chapter*.3}{Wprowadzenie}{}% 2
\BOOKMARK [0][-]{chapter.1}{Przedstawienie problemu}{}% 3
\BOOKMARK [1][-]{section.1.1}{Drzewa decyzyjne}{chapter.1}% 4
\BOOKMARK [1][-]{section.1.2}{Uczenie maszynowe}{chapter.1}% 5
\BOOKMARK [1][-]{section.1.3}{Drzewa decyzyjne w technikach uczenia maszynowego}{chapter.1}% 6
\BOOKMARK [1][-]{section.1.4}{Istniejace rozwiazania}{chapter.1}% 7
\BOOKMARK [0][-]{chapter.2}{Wizja aplikacji}{}% 8
\BOOKMARK [1][-]{section.2.1}{Wymagania funkcjonalne}{chapter.2}% 9
\BOOKMARK [1][-]{section.2.2}{Wymagania niefunkcjonalne}{chapter.2}% 10
\BOOKMARK [1][-]{section.2.3}{Wykorzystane technologie}{chapter.2}% 11
\BOOKMARK [0][-]{chapter.3}{Architektura rozwiazania}{}% 12
\BOOKMARK [1][-]{section.3.1}{Architektura aplikacji}{chapter.3}% 13
\BOOKMARK [1][-]{section.3.2}{Przechowywanie danych}{chapter.3}% 14
\BOOKMARK [1][-]{section.3.3}{Wdrozenie aplikacji}{chapter.3}% 15
\BOOKMARK [0][-]{chapter.4}{Prezentacja aplikacji oraz testy}{}% 16
\BOOKMARK [1][-]{section.4.1}{Przedstawienie aplikacji}{chapter.4}% 17
\BOOKMARK [1][-]{section.4.2}{Testy aplikacji}{chapter.4}% 18
\BOOKMARK [0][-]{chapter*.39}{Podsumowanie}{}% 19
\BOOKMARK [0][-]{chapter*.40}{Bibliografia}{}% 20
\BOOKMARK [0][-]{chapter*.41}{Spis tabel}{}% 21
\BOOKMARK [0][-]{chapter*.42}{Spis rysunk\363w}{}% 22
\BOOKMARK [0][-]{chapter*.43}{Spis listing\363w}{}% 23
